This file contains any messages produced by compilers while
running configure, to aid debugging if configure makes a mistake.

It was created by configure, which was
generated by GNU Autoconf 2.71.  Invocation command line was

  $ ./configure

## --------- ##
## Platform. ##
## --------- ##

hostname = DESKTOP-P69OBLE
uname -m = x86_64
uname -r = 5.15.123.1-microsoft-standard-WSL2
uname -s = Linux
uname -v = #2 SMP Sat Aug 12 16:10:56 CST 2023

/usr/bin/uname -p = x86_64
/bin/uname -X     = unknown

/bin/arch              = x86_64
/usr/bin/arch -k       = unknown
/usr/convex/getsysinfo = unknown
/usr/bin/hostinfo      = unknown
/bin/machine           = unknown
/usr/bin/oslevel       = unknown
/bin/universe          = unknown

PATH: /home/ysc/.nvm/versions/node/v18.17.1/bin/
PATH: /usr/local/lib/
PATH: /home/ysc/riscv_tool/bin/
PATH: /usr/local/riscv64-linux-musl-cross/bin/
PATH: /home/ysc/opt/cross/bin/
PATH: /bin/
PATH: /home/ysc/sprict/
PATH: /home/ysc/qemu-7.0.0/build/riscv64-linux-user/
PATH: /home/ysc/qemu-7.0.0/build/riscv64-softmmu/
PATH: /home/ysc/qemu-7.0.0/build/
PATH: /usr/local/riscv64-unknown-elf-gcc/bin/
PATH: /usr/local/sbin/
PATH: /usr/local/bin/
PATH: /usr/sbin/
PATH: /usr/bin/
PATH: /sbin/
PATH: /bin/
PATH: /usr/games/
PATH: /usr/local/games/
PATH: /usr/lib/wsl/lib/
PATH: /mnt/f/app/ShadowBot/
PATH: /mnt/c/Python312/Scripts/
PATH: /mnt/c/Python312/
PATH: /mnt/e/vm/bin/
PATH: /mnt/c/Windows/system32/
PATH: /mnt/c/Windows/
PATH: /mnt/c/Windows/System32/Wbem/
PATH: /mnt/c/Windows/System32/WindowsPowerShell/v1.0/
PATH: /mnt/c/Windows/System32/OpenSSH/
PATH: /mnt/c/Program Files/NVIDIA Corporation/NVIDIA NvDLISR/
PATH: /mnt/c/Program Files/dotnet/
PATH: /mnt/d/work/git/Git/cmd/
PATH: /mnt/c/mingw64/bin/
PATH: /mnt/c/Program Files (x86)/Windows Kits/8.1/Windows Performance Toolkit/
PATH: /mnt/f/app/work/Matlab/runtime/win64/
PATH: /mnt/f/app/work/Matlab/bin/
PATH: /mnt/c/Program Files (x86)/NVIDIA Corporation/PhysX/Common/
PATH: /mnt/c/Program Files/Go/bin/
PATH: /mnt/c/Program Files/usbipd-win/
PATH: /mnt/d/work/openocd/xpack-openocd-0.12.0-1/bin/
PATH: /mnt/d/work/nodejs/
PATH: /mnt/c/ProgramData/chocolatey/bin/
PATH: /mnt/c/Users/yanshchang/.cargo/bin/
PATH: /mnt/c/Users/yanshchang/AppData/Local/Programs/Python/Python311/Scripts/
PATH: /mnt/c/Users/yanshchang/AppData/Local/Programs/Python/Python311/
PATH: /mnt/c/Users/yanshchang/AppData/Local/Microsoft/WindowsApps/
PATH: /mnt/d/work/code/Microsoft VS Code/bin/
PATH: /mnt/c/Users/yanshchang/go/bin/
PATH: /mnt/c/Users/yanshchang/AppData/Roaming/npm/
PATH: /mnt/c/Users/yanshchang/AppData/Local/spicetify/
PATH: /snap/bin/


## ----------- ##
## Core tests. ##
## ----------- ##

configure:2748: looking for aux files: install-sh config.guess config.sub
configure:2761:  trying ././support/
configure:2775:   ././support/install.sh found
configure:2790:   ././support/config.guess found
configure:2790:   ././support/config.sub found
configure:2915: checking build system type
configure:2927: error: /bin/bash ././support/config.sub x86_64-pc-linux-gnu failed

## ---------------- ##
## Cache variables. ##
## ---------------- ##

ac_cv_build=
ac_cv_env_CC_set=
ac_cv_env_CC_value=
ac_cv_env_CFLAGS_set=
ac_cv_env_CFLAGS_value=
ac_cv_env_CPPFLAGS_set=
ac_cv_env_CPPFLAGS_value=
ac_cv_env_CPP_set=
ac_cv_env_CPP_value=
ac_cv_env_LDFLAGS_set=
ac_cv_env_LDFLAGS_value=
ac_cv_env_LIBS_set=
ac_cv_env_LIBS_value=
ac_cv_env_YACC_set=
ac_cv_env_YACC_value=
ac_cv_env_YFLAGS_set=
ac_cv_env_YFLAGS_value=
ac_cv_env_build_alias_set=
ac_cv_env_build_alias_value=
ac_cv_env_host_alias_set=
ac_cv_env_host_alias_value=
ac_cv_env_target_alias_set=
ac_cv_env_target_alias_value=

## ----------------- ##
## Output variables. ##
## ----------------- ##

ALLOCA=''
AR=''
ARFLAGS=''
BASHPATCH=''
BASHVERS=''
BUILD_DIR=''
CC=''
CC_FOR_BUILD=''
CFLAGS=''
CPP=''
CPPFLAGS=''
DEFS=''
ECHO_C=''
ECHO_N='-n'
ECHO_T=''
EGREP=''
EXEEXT=''
GREP=''
HISTORY_DEP=''
HISTORY_LIB=''
HIST_LIBDIR=''
INSTALL_DATA=''
INSTALL_PROGRAM=''
INSTALL_SCRIPT=''
JOBS_O=''
LDFLAGS=''
LIBOBJS=''
LIBS=''
LOCAL_CFLAGS=''
LOCAL_DEFS=''
LOCAL_LDFLAGS=''
LOCAL_LIBS=''
LTLIBOBJS=''
MAKE_SHELL=''
MALLOC_SRC=''
MALLOC_TARGET=''
OBJEXT=''
PACKAGE_BUGREPORT=''
PACKAGE_NAME=''
PACKAGE_STRING=''
PACKAGE_TARNAME=''
PACKAGE_URL=''
PACKAGE_VERSION=''
PATH_SEPARATOR=':'
PROFILE_FLAGS=''
PURIFY=''
RANLIB=''
READLINE_DEP=''
READLINE_LIB=''
RL_INCLUDE=''
RL_LIBDIR=''
SET_MAKE=''
SHELL='/bin/bash'
SHOBJ_CC=''
SHOBJ_CFLAGS=''
SHOBJ_LD=''
SHOBJ_LDFLAGS=''
SHOBJ_LIBS=''
SHOBJ_STATUS=''
SHOBJ_XLDFLAGS=''
SIGNAMES_H=''
STATIC_LD=''
TERMCAP_DEP=''
TERMCAP_LIB=''
TESTSCRIPT=''
YACC=''
YFLAGS=''
ac_ct_CC=''
bindir='${exec_prefix}/bin'
build=''
build_alias=''
build_cpu=''
build_os=''
build_vendor=''
datadir='${datarootdir}'
datarootdir='${prefix}/share'
docdir='${datarootdir}/doc/${PACKAGE}'
dvidir='${docdir}'
exec_prefix='NONE'
host=''
host_alias=''
host_cpu=''
host_os=''
host_vendor=''
htmldir='${docdir}'
incdir=''
includedir='${prefix}/include'
infodir='${datarootdir}/info'
libdir='${exec_prefix}/lib'
libexecdir='${exec_prefix}/libexec'
localedir='${datarootdir}/locale'
localstatedir='${prefix}/var'
mandir='${datarootdir}/man'
oldincludedir='/usr/include'
pdfdir='${docdir}'
prefix='NONE'
program_transform_name='s,x,x,'
psdir='${docdir}'
runstatedir='${localstatedir}/run'
sbindir='${exec_prefix}/sbin'
sharedstatedir='${prefix}/com'
sysconfdir='${prefix}/etc'
target_alias=''

## ----------- ##
## confdefs.h. ##
## ----------- ##

/* confdefs.h */
#define PACKAGE_NAME ""
#define PACKAGE_TARNAME ""
#define PACKAGE_VERSION ""
#define PACKAGE_STRING ""
#define PACKAGE_BUGREPORT ""
#define PACKAGE_URL ""

configure: exit 1
